  main.cpp
C:\Users\andre\Desktop\OpenGl-master\Graphics\lab11\main.cpp(90,51): warning C4305:  аргумент: усечение из "double" в "GLfloat"
C:\Users\andre\Desktop\OpenGl-master\Graphics\lab11\main.cpp(91,54): warning C4305:  аргумент: усечение из "double" в "GLfloat"
C:\Users\andre\Desktop\OpenGl-master\Graphics\lab11\main.cpp(97,51): warning C4305:  аргумент: усечение из "double" в "GLfloat"
C:\Users\andre\Desktop\OpenGl-master\Graphics\lab11\main.cpp(98,54): warning C4305:  аргумент: усечение из "double" в "GLfloat"
C:\Users\andre\Desktop\OpenGl-master\Graphics\lab11\main.cpp(131,39): warning C4838:  преобразование из "const double" в "const GLfloat" требует сужающего преобразования
C:\Users\andre\Desktop\OpenGl-master\Graphics\lab11\main.cpp(131,39): warning C4244:  инициализация: преобразование "const double" в "const GLfloat", возможна потеря данных
C:\Users\andre\Desktop\OpenGl-master\Graphics\lab11\main.cpp(131,54): warning C4838:  преобразование из "const double" в "const GLfloat" требует сужающего преобразования
C:\Users\andre\Desktop\OpenGl-master\Graphics\lab11\main.cpp(131,54): warning C4244:  инициализация: преобразование "const double" в "const GLfloat", возможна потеря данных
C:\Users\andre\Desktop\OpenGl-master\Graphics\lab11\main.cpp(132,34): warning C4838:  преобразование из "const double" в "GLfloat" требует сужающего преобразования
C:\Users\andre\Desktop\OpenGl-master\Graphics\lab11\main.cpp(132,34): warning C4244:  инициализация: преобразование "const double" в "GLfloat", возможна потеря данных
C:\Users\andre\Desktop\OpenGl-master\Graphics\lab11\main.cpp(132,51): warning C4838:  преобразование из "const double" в "GLfloat" требует сужающего преобразования
C:\Users\andre\Desktop\OpenGl-master\Graphics\lab11\main.cpp(132,51): warning C4244:  инициализация: преобразование "const double" в "GLfloat", возможна потеря данных
C:\Users\andre\Desktop\OpenGl-master\Graphics\lab11\main.cpp(133,30): warning C4244:  инициализация: преобразование "double" в "float", возможна потеря данных
C:\Users\andre\Desktop\OpenGl-master\Graphics\lab11\main.cpp(133,24): warning C4244:  инициализация: преобразование "double" в "const float", возможна потеря данных
C:\Users\andre\Desktop\OpenGl-master\Graphics\lab11\main.cpp(158,18): warning C4305:  инициализация: усечение из "double" в "float"
C:\Users\andre\Desktop\OpenGl-master\Graphics\lab11\main.cpp(183,27): warning C4305:  аргумент: усечение из "double" в "GLfloat"
C:\Users\andre\Desktop\OpenGl-master\Graphics\lab11\main.cpp(218,27): warning C4305:  аргумент: усечение из "double" в "GLfloat"
C:\Users\andre\Desktop\OpenGl-master\Graphics\lab11\main.cpp(310,27): warning C4305:  аргумент: усечение из "double" в "GLfloat"
C:\Users\andre\Desktop\OpenGl-master\Graphics\lab11\main.cpp(315,28): warning C4305:  аргумент: усечение из "double" в "GLfloat"
C:\Users\andre\Desktop\OpenGl-master\Graphics\lab11\main.cpp(316,27): warning C4305:  аргумент: усечение из "double" в "GLfloat"
C:\Users\andre\Desktop\OpenGl-master\Graphics\lab11\main.cpp(318,28): warning C4305:  аргумент: усечение из "double" в "GLfloat"
C:\Users\andre\Desktop\OpenGl-master\Graphics\lab11\main.cpp(323,28): warning C4305:  аргумент: усечение из "double" в "GLfloat"
C:\Users\andre\Desktop\OpenGl-master\Graphics\lab11\main.cpp(324,28): warning C4305:  аргумент: усечение из "double" в "GLfloat"
C:\Users\andre\Desktop\OpenGl-master\Graphics\lab11\main.cpp(328,29): warning C4305:  аргумент: усечение из "double" в "GLfloat"
C:\Users\andre\Desktop\OpenGl-master\Graphics\lab11\main.cpp(333,30): warning C4305:  аргумент: усечение из "double" в "GLfloat"
C:\Users\andre\Desktop\OpenGl-master\Graphics\lab11\main.cpp(338,31): warning C4305:  аргумент: усечение из "double" в "GLfloat"
C:\Users\andre\Desktop\OpenGl-master\Graphics\lab11\main.cpp(343,30): warning C4305:  аргумент: усечение из "double" в "GLfloat"
C:\Users\andre\Desktop\OpenGl-master\Graphics\lab11\main.cpp(424,39): warning C4244:  +=: преобразование "double" в "float", возможна потеря данных
C:\Users\andre\Desktop\OpenGl-master\Graphics\lab11\main.cpp(425,39): warning C4244:  +=: преобразование "double" в "float", возможна потеря данных
C:\Users\andre\Desktop\OpenGl-master\Graphics\lab11\main.cpp(431,39): warning C4244:  -=: преобразование "double" в "float", возможна потеря данных
C:\Users\andre\Desktop\OpenGl-master\Graphics\lab11\main.cpp(432,39): warning C4244:  -=: преобразование "double" в "float", возможна потеря данных
  SOIL.lib(SOIL.obj) : найден .netmodule MSIL или модуль, откомпилированный с параметром /GL; перезапускается компоновка с параметром /LTCG; добавьте /LTCG в командную строку компоновки для повышения производительности компоновщика
LINK : warning LNK4075: эх єўшЄ√трхЄё  "/INCREMENTAL" шч-чр ёяхЎшЇшърЎшш "/LTCG"
LINK : warning LNK4098: сшсышюЄхър яю єьюыўрэш■ "MSVCRT" яЁюЄштюЁхўшЄ шёяюы№чютрэш■ фЁєушї сшсышюЄхъ; шёяюы№чєщЄх ярЁрьхЄЁ /NODEFAULTLIB:library
  ╤ючфрэшх ъюфр
  ╤ючфрэшх ъюфр чртхЁ°хэю
SOIL.lib(SOIL.obj) : warning LNK4099: "vc110.pdb" PDB эх эрщфхэ ё "SOIL.lib(SOIL.obj)" шыш эр "C:\Users\andre\Desktop\OpenGl-master\Graphics\x64\Debug\vc110.pdb"; ъюьяюэютър юс·хъЄр т√яюыэ хЄё  ъръ яЁш юЄёєЄёЄтшш юЄырфюўэ√ї фрээ√ї
SOIL.lib(stb_image_aug.obj) : warning LNK4099: "vc110.pdb" PDB эх эрщфхэ ё "SOIL.lib(stb_image_aug.obj)" шыш эр "C:\Users\andre\Desktop\OpenGl-master\Graphics\x64\Debug\vc110.pdb"; ъюьяюэютър юс·хъЄр т√яюыэ хЄё  ъръ яЁш юЄёєЄёЄтшш юЄырфюўэ√ї фрээ√ї
SOIL.lib(image_helper.obj) : warning LNK4099: "vc110.pdb" PDB эх эрщфхэ ё "SOIL.lib(image_helper.obj)" шыш эр "C:\Users\andre\Desktop\OpenGl-master\Graphics\x64\Debug\vc110.pdb"; ъюьяюэютър юс·хъЄр т√яюыэ хЄё  ъръ яЁш юЄёєЄёЄтшш юЄырфюўэ√ї фрээ√ї
SOIL.lib(image_DXT.obj) : warning LNK4099: "vc110.pdb" PDB эх эрщфхэ ё "SOIL.lib(image_DXT.obj)" шыш эр "C:\Users\andre\Desktop\OpenGl-master\Graphics\x64\Debug\vc110.pdb"; ъюьяюэютър юс·хъЄр т√яюыэ хЄё  ъръ яЁш юЄёєЄёЄтшш юЄырфюўэ√ї фрээ√ї
  lab11.vcxproj -> C:\Users\andre\Desktop\OpenGl-master\Graphics\x64\Debug\lab11.exe
